TN:
SF:src/dayjs-setup.ts
FNF:0
FNH:0
DA:1,6
DA:2,6
DA:3,6
DA:4,6
DA:5,6
DA:7,6
DA:8,6
DA:9,6
DA:10,6
LF:9
LH:9
BRF:0
BRH:0
end_of_record
TN:
SF:src/app/core/enums/app-route.enum.ts
FN:1,(anonymous_0)
FNF:1
FNH:1
FNDA:1,(anonymous_0)
DA:1,1
DA:2,1
DA:3,1
LF:3
LH:3
BRDA:1,0,0,1
BRDA:1,0,1,1
BRF:2
BRH:2
end_of_record
TN:
SF:src/app/core/enums/index.ts
FNF:0
FNH:0
DA:1,1
LF:1
LH:1
BRF:0
BRH:0
end_of_record
TN:
SF:src/app/core/services/barbers-api.service.ts
FN:12,(anonymous_0)
FN:14,(anonymous_1)
FN:20,(anonymous_2)
FN:26,(anonymous_3)
FN:30,(anonymous_4)
FN:36,(anonymous_5)
FNF:6
FNH:6
FNDA:5,(anonymous_0)
FNDA:1,(anonymous_1)
FNDA:1,(anonymous_2)
FNDA:1,(anonymous_3)
FNDA:1,(anonymous_4)
FNDA:1,(anonymous_5)
DA:1,2
DA:2,2
DA:3,2
DA:6,2
DA:11,2
DA:12,5
DA:15,1
DA:21,1
DA:27,1
DA:31,1
DA:37,1
LF:11
LH:11
BRF:0
BRH:0
end_of_record
TN:
SF:src/app/core/services/index.ts
FNF:0
FNH:0
DA:1,1
LF:1
LH:1
BRF:0
BRH:0
end_of_record
TN:
SF:src/app/features/appointment/appointment.component.html
FNF:0
FNH:0
DA:1,1
LF:1
LH:1
BRF:0
BRH:0
end_of_record
TN:
SF:src/app/features/appointment/appointment.component.ts
FN:25,(anonymous_0)
FN:31,(anonymous_1)
FN:47,(anonymous_2)
FN:57,(anonymous_3)
FN:58,(anonymous_4)
FNF:5
FNH:5
FNDA:4,(anonymous_0)
FNDA:2,(anonymous_1)
FNDA:2,(anonymous_2)
FNDA:2,(anonymous_3)
FNDA:2,(anonymous_4)
DA:1,1
DA:2,1
DA:3,1
DA:4,1
DA:6,1
DA:8,1
DA:10,1
DA:20,1
DA:21,4
DA:22,4
DA:23,4
DA:26,4
DA:27,4
DA:28,4
DA:32,2
DA:33,2
DA:39,1
DA:40,1
DA:41,1
DA:43,1
DA:48,2
DA:49,2
DA:51,1
DA:53,1
DA:58,2
DA:59,2
LF:26
LH:26
BRF:0
BRH:0
end_of_record
TN:
SF:src/app/features/appointment/components/index.ts
FNF:0
FNH:0
DA:1,1
LF:1
LH:1
BRF:0
BRH:0
end_of_record
TN:
SF:src/app/features/appointment/components/appointment-form/appointment-form.component.html
FNF:0
FNH:0
DA:1,2
LF:1
LH:1
BRF:0
BRH:0
end_of_record
TN:
SF:src/app/features/appointment/components/appointment-form/appointment-form.component.ts
FN:80,(anonymous_0)
FN:82,(anonymous_1)
FN:86,(anonymous_2)
FN:90,(anonymous_3)
FN:94,(anonymous_4)
FN:104,(anonymous_5)
FN:112,(anonymous_6)
FN:112,(anonymous_7)
FN:113,(anonymous_8)
FN:115,(anonymous_9)
FN:121,(anonymous_10)
FN:136,(anonymous_11)
FNF:12
FNH:12
FNDA:5,(anonymous_0)
FNDA:2,(anonymous_1)
FNDA:1,(anonymous_2)
FNDA:1,(anonymous_3)
FNDA:2,(anonymous_4)
FNDA:2,(anonymous_5)
FNDA:2,(anonymous_6)
FNDA:6,(anonymous_7)
FNDA:2,(anonymous_8)
FNDA:2,(anonymous_9)
FNDA:2,(anonymous_10)
FNDA:10,(anonymous_11)
DA:1,2
DA:2,2
DA:11,2
DA:18,2
DA:19,2
DA:20,2
DA:21,2
DA:28,2
DA:29,2
DA:30,2
DA:48,2
DA:50,5
DA:53,5
DA:56,5
DA:59,5
DA:61,5
DA:75,5
DA:76,5
DA:78,5
DA:80,5
DA:83,2
DA:87,1
DA:91,1
DA:95,2
DA:97,2
DA:105,2
DA:112,6
DA:113,2
DA:116,2
DA:122,2
DA:127,2
DA:129,2
DA:133,2
DA:139,10
LF:34
LH:34
BRDA:129,0,0,1
BRDA:129,0,1,1
BRF:2
BRH:2
end_of_record
TN:
SF:src/app/features/appointment/services/appointment-time.service.ts
FN:10,(anonymous_0)
FN:19,(anonymous_1)
FN:21,(anonymous_2)
FN:27,(anonymous_3)
FN:29,(anonymous_4)
FN:31,(anonymous_5)
FN:33,(anonymous_6)
FN:48,(anonymous_7)
FN:73,(anonymous_8)
FN:86,(anonymous_9)
FN:90,(anonymous_10)
FN:100,(anonymous_11)
FN:117,(anonymous_12)
FN:121,(anonymous_13)
FN:124,(anonymous_14)
FN:135,(anonymous_15)
FN:139,(anonymous_16)
FN:145,(anonymous_17)
FNF:18
FNH:18
FNDA:14,(anonymous_0)
FNDA:16,(anonymous_1)
FNDA:144,(anonymous_2)
FNDA:111,(anonymous_3)
FNDA:237,(anonymous_4)
FNDA:111,(anonymous_5)
FNDA:237,(anonymous_6)
FNDA:10,(anonymous_7)
FNDA:118,(anonymous_8)
FNDA:109,(anonymous_9)
FNDA:711,(anonymous_10)
FNDA:16,(anonymous_11)
FNDA:26,(anonymous_12)
FNDA:24,(anonymous_13)
FNDA:9,(anonymous_14)
FNDA:142,(anonymous_15)
FNDA:255,(anonymous_16)
FNDA:14,(anonymous_17)
DA:1,3
DA:6,3
DA:7,14
DA:8,14
DA:11,14
DA:12,14
DA:13,14
DA:15,14
DA:16,14
DA:20,16
DA:22,144
DA:29,237
DA:32,111
DA:33,237
DA:35,111
DA:39,111
DA:45,16
DA:49,10
DA:50,10
DA:51,10
DA:53,10
DA:54,1
DA:57,9
DA:59,9
DA:60,109
DA:62,109
DA:63,58
DA:65,51
DA:66,51
DA:70,9
DA:78,118
DA:81,118
DA:83,118
DA:90,109
DA:91,711
DA:93,711
DA:101,16
DA:103,16
DA:104,1
DA:107,15
DA:109,15
DA:118,26
DA:119,26
DA:121,26
DA:125,9
DA:126,9
DA:128,9
DA:129,8
DA:132,9
DA:136,142
DA:142,255
DA:146,14
DA:149,14
LF:53
LH:53
BRDA:53,0,0,1
BRDA:53,1,0,10
BRDA:53,1,1,10
BRDA:62,2,0,58
BRDA:62,2,1,51
BRDA:101,3,0,16
BRDA:101,3,1,1
BRDA:103,4,0,1
BRDA:128,5,0,8
BRDA:129,6,0,7
BRDA:129,6,1,1
BRDA:139,7,0,1
BRF:12
BRH:12
end_of_record
TN:
SF:src/app/features/appointment/services/index.ts
FNF:0
FNH:0
DA:1,2
LF:1
LH:1
BRF:0
BRH:0
end_of_record
TN:
SF:src/app/shared/directives/form-field-error.directive.ts
FN:11,(anonymous_0)
FN:26,(anonymous_1)
FN:28,(anonymous_2)
FN:32,(anonymous_3)
FN:36,(anonymous_4)
FN:40,(anonymous_5)
FN:44,(anonymous_6)
FN:48,(anonymous_7)
FN:52,(anonymous_8)
FNF:9
FNH:9
FNDA:3,(anonymous_0)
FNDA:4,(anonymous_1)
FNDA:1,(anonymous_2)
FNDA:1,(anonymous_3)
FNDA:1,(anonymous_4)
FNDA:2,(anonymous_5)
FNDA:2,(anonymous_6)
FNDA:2,(anonymous_7)
FNDA:2,(anonymous_8)
DA:1,3
DA:3,3
DA:9,3
DA:12,3
DA:13,1
DA:16,2
DA:17,2
DA:19,2
DA:23,4
DA:24,4
DA:26,4
DA:29,1
DA:33,1
DA:37,1
DA:41,2
DA:45,2
DA:48,2
DA:53,2
DA:55,2
LF:19
LH:19
BRDA:12,0,0,1
BRDA:53,1,0,2
BRDA:53,1,1,1
BRDA:55,2,0,1
BRDA:55,2,1,1
BRF:5
BRH:5
end_of_record
TN:
SF:src/app/shared/directives/index.ts
FNF:0
FNH:0
DA:1,2
LF:1
LH:1
BRF:0
BRH:0
end_of_record
TN:
SF:src/app/shared/pipes/date-format.pipe.ts
FN:9,(anonymous_0)
FNF:1
FNH:1
FNDA:3,(anonymous_0)
DA:1,3
DA:8,3
DA:10,3
LF:3
LH:3
BRDA:9,0,0,2
BRDA:10,1,0,3
BRDA:10,1,1,1
BRF:3
BRH:3
end_of_record
TN:
SF:src/app/shared/pipes/index.ts
FNF:0
FNH:0
DA:1,2
LF:1
LH:1
BRF:0
BRH:0
end_of_record
TN:
SF:src/environments/environment.ts
FNF:0
FNH:0
DA:1,2
LF:1
LH:1
BRF:0
BRH:0
end_of_record
